<?xml version="1.0" encoding="UTF-8"?>
<testsuite name="br.com.stud.awsproject.AwsprojectApplicationTests" tests="1" skipped="0" failures="0" errors="0" timestamp="2021-12-06T20:36:53" hostname="MacBook-Pro-de-Macbook.local" time="0.763">
  <properties/>
  <testcase name="contextLoads()" classname="br.com.stud.awsproject.AwsprojectApplicationTests" time="0.763"/>
  <system-out><![CDATA[17:36:44.062 [Test worker] DEBUG org.springframework.test.context.BootstrapUtils - Instantiating CacheAwareContextLoaderDelegate from class [org.springframework.test.context.cache.DefaultCacheAwareContextLoaderDelegate]
17:36:44.081 [Test worker] DEBUG org.springframework.test.context.BootstrapUtils - Instantiating BootstrapContext using constructor [public org.springframework.test.context.support.DefaultBootstrapContext(java.lang.Class,org.springframework.test.context.CacheAwareContextLoaderDelegate)]
17:36:44.125 [Test worker] DEBUG org.springframework.test.context.BootstrapUtils - Instantiating TestContextBootstrapper for test class [br.com.stud.awsproject.AwsprojectApplicationTests] from class [org.springframework.boot.test.context.SpringBootTestContextBootstrapper]
17:36:44.138 [Test worker] INFO org.springframework.boot.test.context.SpringBootTestContextBootstrapper - Neither @ContextConfiguration nor @ContextHierarchy found for test class [br.com.stud.awsproject.AwsprojectApplicationTests], using SpringBootContextLoader
17:36:44.142 [Test worker] DEBUG org.springframework.test.context.support.AbstractContextLoader - Did not detect default resource location for test class [br.com.stud.awsproject.AwsprojectApplicationTests]: class path resource [br/com/stud/awsproject/AwsprojectApplicationTests-context.xml] does not exist
17:36:44.143 [Test worker] DEBUG org.springframework.test.context.support.AbstractContextLoader - Did not detect default resource location for test class [br.com.stud.awsproject.AwsprojectApplicationTests]: class path resource [br/com/stud/awsproject/AwsprojectApplicationTestsContext.groovy] does not exist
17:36:44.143 [Test worker] INFO org.springframework.test.context.support.AbstractContextLoader - Could not detect default resource locations for test class [br.com.stud.awsproject.AwsprojectApplicationTests]: no resource found for suffixes {-context.xml, Context.groovy}.
17:36:44.144 [Test worker] INFO org.springframework.test.context.support.AnnotationConfigContextLoaderUtils - Could not detect default configuration classes for test class [br.com.stud.awsproject.AwsprojectApplicationTests]: AwsprojectApplicationTests does not declare any static, non-private, non-final, nested classes annotated with @Configuration.
17:36:44.210 [Test worker] DEBUG org.springframework.test.context.support.ActiveProfilesUtils - Could not find an 'annotation declaring class' for annotation type [org.springframework.test.context.ActiveProfiles] and class [br.com.stud.awsproject.AwsprojectApplicationTests]
17:36:44.278 [Test worker] DEBUG org.springframework.context.annotation.ClassPathScanningCandidateComponentProvider - Identified candidate component class: file [/Users/macbookretina/Documents/CursoMicroservicosJavaEcs/awsproject/build/classes/java/main/br/com/stud/awsproject/AwsprojectApplication.class]
17:36:44.279 [Test worker] INFO org.springframework.boot.test.context.SpringBootTestContextBootstrapper - Found @SpringBootConfiguration br.com.stud.awsproject.AwsprojectApplication for test class br.com.stud.awsproject.AwsprojectApplicationTests
17:36:44.431 [Test worker] DEBUG org.springframework.boot.test.context.SpringBootTestContextBootstrapper - @TestExecutionListeners is not present for class [br.com.stud.awsproject.AwsprojectApplicationTests]: using defaults.
17:36:44.432 [Test worker] INFO org.springframework.boot.test.context.SpringBootTestContextBootstrapper - Loaded default TestExecutionListener class names from location [META-INF/spring.factories]: [org.springframework.boot.test.autoconfigure.restdocs.RestDocsTestExecutionListener, org.springframework.boot.test.autoconfigure.web.client.MockRestServiceServerResetTestExecutionListener, org.springframework.boot.test.autoconfigure.web.servlet.MockMvcPrintOnlyOnFailureTestExecutionListener, org.springframework.boot.test.autoconfigure.web.servlet.WebDriverTestExecutionListener, org.springframework.boot.test.autoconfigure.webservices.client.MockWebServiceServerTestExecutionListener, org.springframework.boot.test.mock.mockito.MockitoTestExecutionListener, org.springframework.boot.test.mock.mockito.ResetMocksTestExecutionListener, org.springframework.test.context.web.ServletTestExecutionListener, org.springframework.test.context.support.DirtiesContextBeforeModesTestExecutionListener, org.springframework.test.context.event.ApplicationEventsTestExecutionListener, org.springframework.test.context.support.DependencyInjectionTestExecutionListener, org.springframework.test.context.support.DirtiesContextTestExecutionListener, org.springframework.test.context.transaction.TransactionalTestExecutionListener, org.springframework.test.context.jdbc.SqlScriptsTestExecutionListener, org.springframework.test.context.event.EventPublishingTestExecutionListener]
17:36:44.448 [Test worker] DEBUG org.springframework.boot.test.context.SpringBootTestContextBootstrapper - Skipping candidate TestExecutionListener [org.springframework.test.context.transaction.TransactionalTestExecutionListener] due to a missing dependency. Specify custom listener classes or make the default listener classes and their required dependencies available. Offending class: [org/springframework/transaction/TransactionDefinition]
17:36:44.449 [Test worker] DEBUG org.springframework.boot.test.context.SpringBootTestContextBootstrapper - Skipping candidate TestExecutionListener [org.springframework.test.context.jdbc.SqlScriptsTestExecutionListener] due to a missing dependency. Specify custom listener classes or make the default listener classes and their required dependencies available. Offending class: [org/springframework/transaction/interceptor/TransactionAttribute]
17:36:44.450 [Test worker] INFO org.springframework.boot.test.context.SpringBootTestContextBootstrapper - Using TestExecutionListeners: [org.springframework.test.context.web.ServletTestExecutionListener@bc57b40, org.springframework.test.context.support.DirtiesContextBeforeModesTestExecutionListener@1b5bc39d, org.springframework.test.context.event.ApplicationEventsTestExecutionListener@655a5d9c, org.springframework.boot.test.mock.mockito.MockitoTestExecutionListener@1494b84d, org.springframework.boot.test.autoconfigure.SpringBootDependencyInjectionTestExecutionListener@34abdee4, org.springframework.test.context.support.DirtiesContextTestExecutionListener@71a9b4c7, org.springframework.test.context.event.EventPublishingTestExecutionListener@4628b1d3, org.springframework.boot.test.autoconfigure.restdocs.RestDocsTestExecutionListener@77cf3f8b, org.springframework.boot.test.autoconfigure.web.client.MockRestServiceServerResetTestExecutionListener@1df98368, org.springframework.boot.test.autoconfigure.web.servlet.MockMvcPrintOnlyOnFailureTestExecutionListener@21ca139c, org.springframework.boot.test.autoconfigure.web.servlet.WebDriverTestExecutionListener@226f885f, org.springframework.boot.test.autoconfigure.webservices.client.MockWebServiceServerTestExecutionListener@2cd2c8fe, org.springframework.boot.test.mock.mockito.ResetMocksTestExecutionListener@7d61eccf]
17:36:44.454 [Test worker] DEBUG org.springframework.test.context.support.AbstractDirtiesContextTestExecutionListener - Before test class: context [DefaultTestContext@7fe083b1 testClass = AwsprojectApplicationTests, testInstance = [null], testMethod = [null], testException = [null], mergedContextConfiguration = [WebMergedContextConfiguration@23c388c2 testClass = AwsprojectApplicationTests, locations = '{}', classes = '{class br.com.stud.awsproject.AwsprojectApplication}', contextInitializerClasses = '[]', activeProfiles = '{}', propertySourceLocations = '{}', propertySourceProperties = '{org.springframework.boot.test.context.SpringBootTestContextBootstrapper=true}', contextCustomizers = set[org.springframework.boot.test.autoconfigure.actuate.metrics.MetricsExportContextCustomizerFactory$DisableMetricExportContextCustomizer@4b9df8a, org.springframework.boot.test.autoconfigure.properties.PropertyMappingContextCustomizer@0, org.springframework.boot.test.autoconfigure.web.servlet.WebDriverContextCustomizerFactory$Customizer@63fdab07, org.springframework.boot.test.context.filter.ExcludeFilterContextCustomizer@3f390d63, org.springframework.boot.test.json.DuplicateJsonObjectContextCustomizerFactory$DuplicateJsonObjectContextCustomizer@2374d36a, org.springframework.boot.test.mock.mockito.MockitoContextCustomizer@0, org.springframework.boot.test.web.client.TestRestTemplateContextCustomizer@7bb6ab3a, org.springframework.boot.test.context.SpringBootTestArgs@1, org.springframework.boot.test.context.SpringBootTestWebEnvironment@5c86a017], resourceBasePath = 'src/main/webapp', contextLoader = 'org.springframework.boot.test.context.SpringBootContextLoader', parent = [null]], attributes = map['org.springframework.test.context.web.ServletTestExecutionListener.activateListener' -> true]], class annotated with @DirtiesContext [false] with mode [null].
17:36:44.563 [Test worker] DEBUG org.springframework.boot.ApplicationServletEnvironment - Activating profiles []
17:36:44.564 [Test worker] DEBUG org.springframework.test.context.support.TestPropertySourceUtils - Adding inlined properties to environment: {spring.jmx.enabled=false, org.springframework.boot.test.context.SpringBootTestContextBootstrapper=true}

  .   ____          _            __ _ _
 /\\ / ___'_ __ _ _(_)_ __  __ _ \ \ \ \
( ( )\___ | '_ | '_| | '_ \/ _` | \ \ \ \
 \\/  ___)| |_)| | | | | || (_| |  ) ) ) )
  '  |____| .__|_| |_|_| |_\__, | / / / /
 =========|_|==============|___/=/_/_/_/
 :: Spring Boot ::       (v2.6.2-SNAPSHOT)

2021-12-06 17:36:49.998  INFO 1782 --- [    Test worker] b.c.s.a.AwsprojectApplicationTests       : Starting AwsprojectApplicationTests using Java 11.0.13 on MacBook-Pro-de-Macbook.local with PID 1782 (started by macbookretina in /Users/macbookretina/Documents/CursoMicroservicosJavaEcs/awsproject)
2021-12-06 17:36:50.000  INFO 1782 --- [    Test worker] b.c.s.a.AwsprojectApplicationTests       : No active profile set, falling back to default profiles: default
2021-12-06 17:36:53.243  INFO 1782 --- [    Test worker] o.s.b.a.e.web.EndpointLinksResolver      : Exposing 1 endpoint(s) beneath base path '/actuator'
2021-12-06 17:36:53.319  INFO 1782 --- [    Test worker] b.c.s.a.AwsprojectApplicationTests       : Started AwsprojectApplicationTests in 8.751 seconds (JVM running for 10.475)
]]></system-out>
  <system-err><![CDATA[]]></system-err>
</testsuite>
